Using pre-set license
Built from '2020.2/staging' branch; Version is '2020.2.0b7 (1b1252580c64) revision 1774162'; Using compiler version '192528614'; Build Type 'Release'
OS: 'Windows 10  (10.0.0) 64bit' Language: 'en' Physical Memory: 7917 MB
BatchMode: 1, IsHumanControllingUs: 0, StartBugReporterOnCrash: 0, Is64bit: 1, IsPro: 0

 COMMAND LINE ARGUMENTS:
C:\Program Files\Unity 2020.2.0b7\Editor\Unity.exe
-adb2
-batchMode
-noUpm
-name
AssetImportWorker0
-projectPath
C:/My-Documents/GamewithLOVE2D/cs50x_assignments/amWRit
-logFile
Logs/AssetImportWorker0.log
-srvPort
50467
Successfully changed project path to: C:/My-Documents/GamewithLOVE2D/cs50x_assignments/amWRit
C:/My-Documents/GamewithLOVE2D/cs50x_assignments/amWRit
Using Asset Import Pipeline V2.
Refreshing native plugins compatible for Editor in 187.54 ms, found 0 plugins.
Preloading 0 native plugins for Editor in 0.00 ms.
Initialize engine version: 2020.2.0b7 (1b1252580c64)
[Subsystems] Discovering subsystems at path C:/Program Files/Unity 2020.2.0b7/Editor/Data/Resources/UnitySubsystems
[Subsystems] Discovering subsystems at path C:/My-Documents/GamewithLOVE2D/cs50x_assignments/amWRit/Assets
GfxDevice: creating device client; threaded=0
Direct3D:
    Version:  Direct3D 11.0 [level 11.1]
    Renderer: Intel(R) HD Graphics 620 (ID=0x5916)
    Vendor:   
    VRAM:     3958 MB
    Driver:   26.20.100.7986
Initialize mono
Mono path[0] = 'C:/Program Files/Unity 2020.2.0b7/Editor/Data/Managed'
Mono path[1] = 'C:/Program Files/Unity 2020.2.0b7/Editor/Data/MonoBleedingEdge/lib/mono/unityjit'
Mono config path = 'C:/Program Files/Unity 2020.2.0b7/Editor/Data/MonoBleedingEdge/etc'
Using monoOptions --debugger-agent=transport=dt_socket,embedding=1,server=y,suspend=n,address=127.0.0.1:56620
Begin MonoManager ReloadAssembly
Registering precompiled unity dll's ...
Register platform support module: C:/Program Files/Unity 2020.2.0b7/Editor/Data/PlaybackEngines/WindowsStandaloneSupport/UnityEditor.WindowsStandalone.Extensions.dll
Registered in 0.002116 seconds.
Native extension for WindowsStandalone target not found
Refreshing native plugins compatible for Editor in 49.83 ms, found 0 plugins.
Preloading 0 native plugins for Editor in 0.00 ms.
Invoked RoslynAnalysisRunner static constructor.
RoslynAnalysisRunner will not be running.
RoslynAnalysisRunner has terminated.
Mono: successfully reloaded assembly
- Completed reload, in  1.784 seconds
Platform modules already initialized, skipping
Registering precompiled user dll's ...
Registered in 0.004441 seconds.
Begin MonoManager ReloadAssembly
Symbol file LoadedFromMemory doesn't match image C:\My-Documents\GamewithLOVE2D\cs50x_assignments\amWRit\Library\PackageCache\com.unity.ext.nunit@1.0.0\net35\unity-custom\nunit.framework.dll
Native extension for WindowsStandalone target not found
Refreshing native plugins compatible for Editor in 0.57 ms, found 0 plugins.
Preloading 0 native plugins for Editor in 0.00 ms.
Invoked RoslynAnalysisRunner static constructor.
RoslynAnalysisRunner will not be running.
RoslynAnalysisRunner has terminated.
Mono: successfully reloaded assembly
- Completed reload, in  1.459 seconds
Platform modules already initialized, skipping
========================================================================
Worker process is ready to serve import requests
Launched and connected shader compiler UnityShaderCompiler.exe after 0.14 seconds
Refreshing native plugins compatible for Editor in 0.63 ms, found 0 plugins.
Preloading 0 native plugins for Editor in 0.00 ms.
Unloading 1370 Unused Serialized files (Serialized files now loaded: 0)
System memory in use before: 64.6 MB.
System memory in use after: 64.7 MB.

Unloading 34 unused Assets to reduce memory usage. Loaded Objects now: 1794.
Total: 6.489900 ms (FindLiveObjects: 1.936900 ms CreateObjectMapping: 0.177600 ms MarkObjects: 4.227200 ms  DeleteObjects: 0.144900 ms)

========================================================================
Received Import Request.
  path: Assets/Resources/Scripts/CoinText.cs
  artifactKey: Guid(ee85b83558eee7b4886fb4fa2e8f74f6) Importer(815301076,1909f56bfc062723c751e8b465ee728b)
Start importing Assets/Resources/Scripts/CoinText.cs using Guid(ee85b83558eee7b4886fb4fa2e8f74f6) Importer(815301076,1909f56bfc062723c751e8b465ee728b)  -> (artifact id: '6b8f19e22fe0e9cfc1551289bfb4ecaf') in 0.107175 seconds
  Import took 0.112861 seconds .

========================================================================
Received Import Request.
  Time since last request: 0.000553 seconds.
  path: Assets/Resources/Scripts/Coin.cs
  artifactKey: Guid(4b9467434aa2b724fad2631704e851b0) Importer(815301076,1909f56bfc062723c751e8b465ee728b)
Start importing Assets/Resources/Scripts/Coin.cs using Guid(4b9467434aa2b724fad2631704e851b0) Importer(815301076,1909f56bfc062723c751e8b465ee728b)  -> (artifact id: 'd33b2fada42d2d02316ab4daae2a2e03') in 0.023265 seconds
  Import took 0.045261 seconds .

========================================================================
Received Import Request.
  Time since last request: 0.000118 seconds.
  path: Assets/Resources/Scripts/CoinSpawner.cs
  artifactKey: Guid(05fd3c03acabdb9499cbfb87f9de8f42) Importer(815301076,1909f56bfc062723c751e8b465ee728b)
Start importing Assets/Resources/Scripts/CoinSpawner.cs using Guid(05fd3c03acabdb9499cbfb87f9de8f42) Importer(815301076,1909f56bfc062723c751e8b465ee728b)  -> (artifact id: 'ee5ea3d91fa68792848ed07019b63581') in 0.011990 seconds
  Import took 0.021407 seconds .

========================================================================
Received Import Request.
  Time since last request: 0.000338 seconds.
  path: Assets/Resources/Scripts/Bounds.cs
  artifactKey: Guid(2604e242834ab40619fefa56fa3ca79a) Importer(815301076,1909f56bfc062723c751e8b465ee728b)
Start importing Assets/Resources/Scripts/Bounds.cs using Guid(2604e242834ab40619fefa56fa3ca79a) Importer(815301076,1909f56bfc062723c751e8b465ee728b)  -> (artifact id: 'ed30461f835820df1581f000475b84fc') in 0.032904 seconds
  Import took 0.037823 seconds .

========================================================================
Received Import Request.
  Time since last request: 0.000070 seconds.
  path: Assets/Resources/Scripts/Airplane.cs
  artifactKey: Guid(bcb45777e9edadd408cc84124f1a86b5) Importer(815301076,1909f56bfc062723c751e8b465ee728b)
Start importing Assets/Resources/Scripts/Airplane.cs using Guid(bcb45777e9edadd408cc84124f1a86b5) Importer(815301076,1909f56bfc062723c751e8b465ee728b)  -> (artifact id: '8da94e32398e8519a2390bb134b281e3') in 0.032355 seconds
  Import took 0.042420 seconds .

========================================================================
Received Import Request.
  Time since last request: 0.000413 seconds.
  path: Assets/Resources/Scripts/SkyscraperSpawner.cs
  artifactKey: Guid(747d152cc27c6d14fa9a796f93d8feaf) Importer(815301076,1909f56bfc062723c751e8b465ee728b)
Start importing Assets/Resources/Scripts/SkyscraperSpawner.cs using Guid(747d152cc27c6d14fa9a796f93d8feaf) Importer(815301076,1909f56bfc062723c751e8b465ee728b)  -> (artifact id: 'a648a51957a82567bede68c3e790c938') in 0.016822 seconds
  Import took 0.023476 seconds .

========================================================================
Received Import Request.
  Time since last request: 0.000378 seconds.
  path: Assets/Resources/Scripts/GameOverText.cs
  artifactKey: Guid(a882b90e547eb94419c63f8a2dcddf65) Importer(815301076,1909f56bfc062723c751e8b465ee728b)
Start importing Assets/Resources/Scripts/GameOverText.cs using Guid(a882b90e547eb94419c63f8a2dcddf65) Importer(815301076,1909f56bfc062723c751e8b465ee728b)  -> (artifact id: 'b3c1acf25630cfc9eaded49f35c380d4') in 0.028550 seconds
  Import took 0.034118 seconds .

========================================================================
Received Import Request.
  Time since last request: 0.000608 seconds.
  path: Assets/Resources/Scripts/AirplaneSpawner.cs
  artifactKey: Guid(7d118b2fbd562e3488817cdd2ecebdd7) Importer(815301076,1909f56bfc062723c751e8b465ee728b)
Start importing Assets/Resources/Scripts/AirplaneSpawner.cs using Guid(7d118b2fbd562e3488817cdd2ecebdd7) Importer(815301076,1909f56bfc062723c751e8b465ee728b)  -> (artifact id: '83c1725f0d6dedbd6f23c3ad7c9c7813') in 0.013301 seconds
  Import took 0.018133 seconds .

========================================================================
Received Import Request.
  Time since last request: 0.000385 seconds.
  path: Assets/Resources/Scripts/HeliController.cs
  artifactKey: Guid(529082fd803994597be3009b40f0873b) Importer(815301076,1909f56bfc062723c751e8b465ee728b)
Start importing Assets/Resources/Scripts/HeliController.cs using Guid(529082fd803994597be3009b40f0873b) Importer(815301076,1909f56bfc062723c751e8b465ee728b)  -> (artifact id: '16e7d9bbb79428984110c1587ae8ad1e') in 0.064878 seconds
  Import took 0.075004 seconds .

========================================================================
Received Import Request.
  Time since last request: 0.000084 seconds.
  path: Assets/Resources/Scripts/ScrollingBackground.cs
  artifactKey: Guid(4723d850564263c4c829dc91c7ec4f9b) Importer(815301076,1909f56bfc062723c751e8b465ee728b)
Start importing Assets/Resources/Scripts/ScrollingBackground.cs using Guid(4723d850564263c4c829dc91c7ec4f9b) Importer(815301076,1909f56bfc062723c751e8b465ee728b)  -> (artifact id: '5e4230eb1ce15204a20172d7713e02cd') in 0.108845 seconds
  Import took 0.122136 seconds .

========================================================================
Received Import Request.
  Time since last request: 0.000366 seconds.
  path: Assets/Resources/Scripts/Skyscraper.cs
  artifactKey: Guid(b04e699576a932f4880c99bf34d59d32) Importer(815301076,1909f56bfc062723c751e8b465ee728b)
Start importing Assets/Resources/Scripts/Skyscraper.cs using Guid(b04e699576a932f4880c99bf34d59d32) Importer(815301076,1909f56bfc062723c751e8b465ee728b)  -> (artifact id: '8cb233f7329b2726f9b06cbbb0619937') in 0.116237 seconds
  Import took 0.123282 seconds .

========================================================================
Received Import Request.
  Time since last request: 116.333546 seconds.
  path: Assets/Resources/Scenes/Main
  artifactKey: Guid(8d67b2bb7bc486c47a301f299d663753) Importer(815301076,1909f56bfc062723c751e8b465ee728b)
Start importing Assets/Resources/Scenes/Main using Guid(8d67b2bb7bc486c47a301f299d663753) Importer(815301076,1909f56bfc062723c751e8b465ee728b)  -> (artifact id: '9d5c3ca56eaf377c629737e8a32c8b35') in 0.007707 seconds
  Import took 0.011557 seconds .

========================================================================
Received Import Request.
  Time since last request: 0.000348 seconds.
  path: Assets/Resources/Scenes/Main.unity
  artifactKey: Guid(8af6e9cbc95e34251b5d32b0dead9b2d) Importer(815301076,1909f56bfc062723c751e8b465ee728b)
Start importing Assets/Resources/Scenes/Main.unity using Guid(8af6e9cbc95e34251b5d32b0dead9b2d) Importer(815301076,1909f56bfc062723c751e8b465ee728b)  -> (artifact id: '7ff36c64da6ae1717b037fdddec561df') in 0.044076 seconds
  Import took 0.047295 seconds .

========================================================================
Received Import Request.
  Time since last request: 0.003711 seconds.
  path: Assets/Resources/Scenes/Main.unity
  artifactKey: Guid(8af6e9cbc95e34251b5d32b0dead9b2d) Importer(815301076,1909f56bfc062723c751e8b465ee728b)
Start importing Assets/Resources/Scenes/Main.unity using Guid(8af6e9cbc95e34251b5d32b0dead9b2d) Importer(815301076,1909f56bfc062723c751e8b465ee728b)  -> (artifact id: '7ff36c64da6ae1717b037fdddec561df') in 0.005673 seconds
  Import took 0.010345 seconds .

========================================================================
Received Import Request.
  Time since last request: 9.648941 seconds.
  path: Assets/Resources/Models/lameheli.blend
  artifactKey: Guid(1c5b899f2169546fdad12adc23216066) Importer(815301076,1909f56bfc062723c751e8b465ee728b)
Start importing Assets/Resources/Models/lameheli.blend using Guid(1c5b899f2169546fdad12adc23216066) Importer(815301076,1909f56bfc062723c751e8b465ee728b)  -> (artifact id: '19ff2adc439d21e791acb7ea17ef7c0c') in 0.269364 seconds
  Import took 0.275714 seconds .

========================================================================
Received Import Request.
  Time since last request: 0.000415 seconds.
  path: Assets/ProtoPack/Models/Chest.FBX
  artifactKey: Guid(968ba461c44901f4e833fef979b48c1d) Importer(815301076,1909f56bfc062723c751e8b465ee728b)
Start importing Assets/ProtoPack/Models/Chest.FBX using Guid(968ba461c44901f4e833fef979b48c1d) Importer(815301076,1909f56bfc062723c751e8b465ee728b)  -> (artifact id: '2b3ba9262a34bd6889a67cf48372f8e6') in 0.301861 seconds
  Import took 0.306893 seconds .

========================================================================
Received Import Request.
  Time since last request: 0.000266 seconds.
  path: Assets/Resources/Models/lameheli.blend
  artifactKey: Guid(1c5b899f2169546fdad12adc23216066) Importer(815301076,1909f56bfc062723c751e8b465ee728b)
Start importing Assets/Resources/Models/lameheli.blend using Guid(1c5b899f2169546fdad12adc23216066) Importer(815301076,1909f56bfc062723c751e8b465ee728b)  -> (artifact id: '19ff2adc439d21e791acb7ea17ef7c0c') in 0.063539 seconds
  Import took 0.068996 seconds .

========================================================================
Received Import Request.
  Time since last request: 0.000469 seconds.
  path: Assets/ProtoPack/Models/Chest.FBX
  artifactKey: Guid(968ba461c44901f4e833fef979b48c1d) Importer(815301076,1909f56bfc062723c751e8b465ee728b)
Start importing Assets/ProtoPack/Models/Chest.FBX using Guid(968ba461c44901f4e833fef979b48c1d) Importer(815301076,1909f56bfc062723c751e8b465ee728b)  -> (artifact id: '2b3ba9262a34bd6889a67cf48372f8e6') in 0.043254 seconds
  Import took 0.049047 seconds .

========================================================================
Received Import Request.
  Time since last request: 0.000746 seconds.
  path: Assets/ProtoPack/Models/Crate.FBX
  artifactKey: Guid(3d2f3fd0c27d95640a50ed721dc46993) Importer(815301076,1909f56bfc062723c751e8b465ee728b)
Start importing Assets/ProtoPack/Models/Crate.FBX using Guid(3d2f3fd0c27d95640a50ed721dc46993) Importer(815301076,1909f56bfc062723c751e8b465ee728b)  -> (artifact id: '2704e203ad7bcd23d7daeaefd7d280a4') in 0.032953 seconds
  Import took 0.037874 seconds .

========================================================================
Received Import Request.
  Time since last request: 0.000341 seconds.
  path: Assets/ProtoPack/Models/Coin.FBX
  artifactKey: Guid(f810a82c4bf58d646b9ef8bdce1668a3) Importer(815301076,1909f56bfc062723c751e8b465ee728b)
Start importing Assets/ProtoPack/Models/Coin.FBX using Guid(f810a82c4bf58d646b9ef8bdce1668a3) Importer(815301076,1909f56bfc062723c751e8b465ee728b)  -> (artifact id: 'ddef5032c82bce9c44d530042a80ed51') in 0.031377 seconds
  Import took 0.035885 seconds .

========================================================================
Received Import Request.
  Time since last request: 0.000262 seconds.
  path: Assets/ProtoPack/Models/Diamond.FBX
  artifactKey: Guid(817ad5138c5141641975ddebe9453849) Importer(815301076,1909f56bfc062723c751e8b465ee728b)
Start importing Assets/ProtoPack/Models/Diamond.FBX using Guid(817ad5138c5141641975ddebe9453849) Importer(815301076,1909f56bfc062723c751e8b465ee728b)  -> (artifact id: '24ee68445374077b385e8ac1a6142eb4') in 0.451964 seconds
  Import took 0.457054 seconds .

========================================================================
Received Import Request.
  Time since last request: 0.000527 seconds.
  path: Assets/ProtoPack/Models/Crate.FBX
  artifactKey: Guid(3d2f3fd0c27d95640a50ed721dc46993) Importer(815301076,1909f56bfc062723c751e8b465ee728b)
Start importing Assets/ProtoPack/Models/Crate.FBX using Guid(3d2f3fd0c27d95640a50ed721dc46993) Importer(815301076,1909f56bfc062723c751e8b465ee728b)  -> (artifact id: '2704e203ad7bcd23d7daeaefd7d280a4') in 0.030606 seconds
  Import took 0.036030 seconds .

========================================================================
Received Import Request.
  Time since last request: 0.000620 seconds.
  path: Assets/Resources/Models/skyscrapers.blend
  artifactKey: Guid(c3060515b3ee3ba42b889717301b3e01) Importer(815301076,1909f56bfc062723c751e8b465ee728b)
Start importing Assets/Resources/Models/skyscrapers.blend using Guid(c3060515b3ee3ba42b889717301b3e01) Importer(815301076,1909f56bfc062723c751e8b465ee728b)  -> (artifact id: '50d23d71ee7f09ddd29af199badb057d') in 0.119429 seconds
  Import took 0.124964 seconds .

========================================================================
Received Import Request.
  Time since last request: 0.000250 seconds.
  path: Assets/Resources/Models/airplane.blend
  artifactKey: Guid(e704b8ab7457673489a67d91420e75ab) Importer(815301076,1909f56bfc062723c751e8b465ee728b)
Start importing Assets/Resources/Models/airplane.blend using Guid(e704b8ab7457673489a67d91420e75ab) Importer(815301076,1909f56bfc062723c751e8b465ee728b)  -> (artifact id: 'c1f4acd0592a1059ed2bb63644bc02c1') in 0.039770 seconds
  Import took 0.043242 seconds .

========================================================================
Received Import Request.
  Time since last request: 2.342180 seconds.
  path: Assets/Resources/Prefabs/Airplane.prefab
  artifactKey: Guid(f2c4455dd3c49124e892476a836c2f1f) Importer(815301076,1909f56bfc062723c751e8b465ee728b)
Start importing Assets/Resources/Prefabs/Airplane.prefab using Guid(f2c4455dd3c49124e892476a836c2f1f) Importer(815301076,1909f56bfc062723c751e8b465ee728b)  -> (artifact id: '6598fe16d1a12b91c8201d561ff46c4c') in 0.045545 seconds
  Import took 0.050387 seconds .

========================================================================
Received Import Request.
  Time since last request: 0.000323 seconds.
  path: Assets/Resources/Prefabs/Coin.prefab
  artifactKey: Guid(ee4a50b2d53520f4ba6f4a153747053c) Importer(815301076,1909f56bfc062723c751e8b465ee728b)
Start importing Assets/Resources/Prefabs/Coin.prefab using Guid(ee4a50b2d53520f4ba6f4a153747053c) Importer(815301076,1909f56bfc062723c751e8b465ee728b)  -> (artifact id: '9d7fd63dcfbe33d9f1f26211adee6187') in 0.022225 seconds
  Import took 0.026086 seconds .

========================================================================
Received Import Request.
  Time since last request: 0.000308 seconds.
  path: Assets/Resources/Prefabs/Yellow Skyscraper.prefab
  artifactKey: Guid(8caa41d1efabe044e86428577249b605) Importer(815301076,1909f56bfc062723c751e8b465ee728b)
Start importing Assets/Resources/Prefabs/Yellow Skyscraper.prefab using Guid(8caa41d1efabe044e86428577249b605) Importer(815301076,1909f56bfc062723c751e8b465ee728b)  -> (artifact id: 'bf2cd3799539e2a655949f1b7b2e6e3b') in 0.012752 seconds
  Import took 0.018191 seconds .

========================================================================
Received Import Request.
  Time since last request: 0.000644 seconds.
  path: Assets/Resources/Prefabs/Helicopter.prefab
  artifactKey: Guid(6286352776fdf4d6e9fa6c20b6485cb1) Importer(815301076,1909f56bfc062723c751e8b465ee728b)
Start importing Assets/Resources/Prefabs/Helicopter.prefab using Guid(6286352776fdf4d6e9fa6c20b6485cb1) Importer(815301076,1909f56bfc062723c751e8b465ee728b)  -> (artifact id: '9f5a73ef21fcf5fb4699c33e3b49788c') in 0.089017 seconds
  Import took 0.094707 seconds .

========================================================================
Received Import Request.
  Time since last request: 0.000232 seconds.
  path: Assets/Resources/Prefabs/Body.prefab
  artifactKey: Guid(fe9e3cdb0c6e44565a705cb5bd0ddb60) Importer(815301076,1909f56bfc062723c751e8b465ee728b)
Start importing Assets/Resources/Prefabs/Body.prefab using Guid(fe9e3cdb0c6e44565a705cb5bd0ddb60) Importer(815301076,1909f56bfc062723c751e8b465ee728b)  -> (artifact id: '6d40b5913928941093a4039d97ade865') in 0.010058 seconds
  Import took 0.014242 seconds .

========================================================================
Received Import Request.
  Time since last request: 0.000315 seconds.
  path: Assets/Resources/Prefabs/Green Skyscraper.prefab
  artifactKey: Guid(969c01caa74c2f74ea7896158e885a51) Importer(815301076,1909f56bfc062723c751e8b465ee728b)
Start importing Assets/Resources/Prefabs/Green Skyscraper.prefab using Guid(969c01caa74c2f74ea7896158e885a51) Importer(815301076,1909f56bfc062723c751e8b465ee728b)  -> (artifact id: '511899e1aa39788f68b93086325ae51d') in 0.022348 seconds
  Import took 0.027649 seconds .

========================================================================
Received Import Request.
  Time since last request: 0.000643 seconds.
  path: Assets/Resources/Prefabs/Red Skyscaper.prefab
  artifactKey: Guid(97f15eda0faf9844993b2f5c1923fdce) Importer(815301076,1909f56bfc062723c751e8b465ee728b)
Start importing Assets/Resources/Prefabs/Red Skyscaper.prefab using Guid(97f15eda0faf9844993b2f5c1923fdce) Importer(815301076,1909f56bfc062723c751e8b465ee728b)  -> (artifact id: '95a56221a4382b7dec5f41e4bc449a98') in 0.012026 seconds
  Import took 0.016807 seconds .

========================================================================
Received Import Request.
  Time since last request: 0.000487 seconds.
  path: Assets/Resources/Prefabs/Blades.prefab
  artifactKey: Guid(2ea6a549af472470ca1c4480bda45464) Importer(815301076,1909f56bfc062723c751e8b465ee728b)
Start importing Assets/Resources/Prefabs/Blades.prefab using Guid(2ea6a549af472470ca1c4480bda45464) Importer(815301076,1909f56bfc062723c751e8b465ee728b)  -> (artifact id: '7119539552acbe830ee587c39537bc7f') in 0.025948 seconds
  Import took 0.029942 seconds .

========================================================================
Received Import Request.
  Time since last request: 6.289687 seconds.
  path: Assets/Resources/Prefabs/Body.prefab
  artifactKey: Guid(fe9e3cdb0c6e44565a705cb5bd0ddb60) Importer(815301076,1909f56bfc062723c751e8b465ee728b)
Start importing Assets/Resources/Prefabs/Body.prefab using Guid(fe9e3cdb0c6e44565a705cb5bd0ddb60) Importer(815301076,1909f56bfc062723c751e8b465ee728b)  -> (artifact id: '21d3f6a244a0646731b1b3c17c40c025') in 0.023358 seconds
  Import took 0.028147 seconds .

========================================================================
Received Import Request.
  Time since last request: 7.062362 seconds.
  path: Assets/Resources/Prefabs/Red Skyscaper.prefab
  artifactKey: Guid(97f15eda0faf9844993b2f5c1923fdce) Importer(815301076,1909f56bfc062723c751e8b465ee728b)
Start importing Assets/Resources/Prefabs/Red Skyscaper.prefab using Guid(97f15eda0faf9844993b2f5c1923fdce) Importer(815301076,1909f56bfc062723c751e8b465ee728b)  -> (artifact id: '9aa731317768be5ec5cee57ac59aacad') in 0.024180 seconds
  Import took 0.028770 seconds .

========================================================================
Received Import Request.
  Time since last request: 6.122702 seconds.
  path: Assets/Resources/Prefabs/Yellow Skyscraper.prefab
  artifactKey: Guid(8caa41d1efabe044e86428577249b605) Importer(815301076,1909f56bfc062723c751e8b465ee728b)
Start importing Assets/Resources/Prefabs/Yellow Skyscraper.prefab using Guid(8caa41d1efabe044e86428577249b605) Importer(815301076,1909f56bfc062723c751e8b465ee728b)  -> (artifact id: '0f218421a9a573a04791a4bd79ac3c36') in 0.025219 seconds
  Import took 0.030461 seconds .

========================================================================
Received Import Request.
  Time since last request: 35.462954 seconds.
  path: Assets/Resources/Models/Materials
  artifactKey: Guid(7926663717f184b43b624f7b727308f9) Importer(815301076,1909f56bfc062723c751e8b465ee728b)
Start importing Assets/Resources/Models/Materials using Guid(7926663717f184b43b624f7b727308f9) Importer(815301076,1909f56bfc062723c751e8b465ee728b)  -> (artifact id: '111b623225993fbdeb52cee3d5b714d6') in 0.009574 seconds
  Import took 0.013939 seconds .

========================================================================
Received Import Request.
  Time since last request: 0.000386 seconds.
  path: Assets/Resources/Models/lameheli.blend1
  artifactKey: Guid(6dfd2d01673be4ba7a71aa0e52a7456f) Importer(815301076,1909f56bfc062723c751e8b465ee728b)
Start importing Assets/Resources/Models/lameheli.blend1 using Guid(6dfd2d01673be4ba7a71aa0e52a7456f) Importer(815301076,1909f56bfc062723c751e8b465ee728b)  -> (artifact id: 'd8377520655faa21b42da6fd6f3efc58') in 0.010494 seconds
  Import took 0.013971 seconds .

========================================================================
Received Import Request.
  Time since last request: 0.000284 seconds.
  path: Assets/Resources/Models/Materials
  artifactKey: Guid(7926663717f184b43b624f7b727308f9) Importer(815301076,1909f56bfc062723c751e8b465ee728b)
Start importing Assets/Resources/Models/Materials using Guid(7926663717f184b43b624f7b727308f9) Importer(815301076,1909f56bfc062723c751e8b465ee728b)  -> (artifact id: '111b623225993fbdeb52cee3d5b714d6') in 0.010880 seconds
  Import took 0.015293 seconds .

========================================================================
Received Import Request.
  Time since last request: 0.000249 seconds.
  path: Assets/Resources/Models/lameheli.blend1
  artifactKey: Guid(6dfd2d01673be4ba7a71aa0e52a7456f) Importer(815301076,1909f56bfc062723c751e8b465ee728b)
Start importing Assets/Resources/Models/lameheli.blend1 using Guid(6dfd2d01673be4ba7a71aa0e52a7456f) Importer(815301076,1909f56bfc062723c751e8b465ee728b)  -> (artifact id: 'd8377520655faa21b42da6fd6f3efc58') in 0.007887 seconds
  Import took 0.012554 seconds .

